<?xml version="1.0" encoding="UTF-8"?>
<coverage generated="1602833474547" clover="3.2.0">
  <project timestamp="1602833474547" name="All files">
    <metrics statements="25" coveredstatements="25" conditionals="0" coveredconditionals="0" methods="8" coveredmethods="8" elements="33" coveredelements="33" complexity="0" loc="25" ncloc="25" packages="1" files="2" classes="2"/>
    <file name="getPointResult.js" path="/Users/yuny12345/Desktop/goodideas_practice_js17/Q17/Q17_modules/getPointResult.js">
      <metrics statements="17" coveredstatements="17" conditionals="0" coveredconditionals="0" methods="7" coveredmethods="7"/>
      <line num="1" count="1" type="stmt"/>
      <line num="39" count="64" type="stmt"/>
      <line num="40" count="16" type="stmt"/>
      <line num="41" count="64" type="stmt"/>
      <line num="42" count="224" type="stmt"/>
      <line num="45" count="16" type="stmt"/>
      <line num="60" count="16" type="stmt"/>
      <line num="62" count="16" type="stmt"/>
      <line num="63" count="224" type="stmt"/>
      <line num="65" count="16" type="stmt"/>
      <line num="66" count="56" type="stmt"/>
      <line num="67" count="56" type="stmt"/>
      <line num="73" count="1" type="stmt"/>
      <line num="74" count="4" type="stmt"/>
      <line num="75" count="4" type="stmt"/>
      <line num="76" count="16" type="stmt"/>
      <line num="78" count="4" type="stmt"/>
    </file>
    <file name="resultMessage.js" path="/Users/yuny12345/Desktop/goodideas_practice_js17/Q17/Q17_modules/resultMessage.js">
      <metrics statements="8" coveredstatements="8" conditionals="0" coveredconditionals="0" methods="1" coveredmethods="1"/>
      <line num="1" count="1" type="stmt"/>
      <line num="17" count="1" type="stmt"/>
      <line num="19" count="4" type="stmt"/>
      <line num="20" count="4" type="stmt"/>
      <line num="21" count="4" type="stmt"/>
      <line num="22" count="4" type="stmt"/>
      <line num="23" count="16" type="stmt"/>
      <line num="25" count="4" type="stmt"/>
    </file>
  </project>
</coverage>
