<?xml version="1.0" encoding="UTF-8"?>
<coverage generated="1602754809760" clover="3.2.0">
  <project timestamp="1602754809760" name="All files">
    <metrics statements="47" coveredstatements="47" conditionals="0" coveredconditionals="0" methods="7" coveredmethods="7" elements="54" coveredelements="54" complexity="0" loc="47" ncloc="47" packages="1" files="5" classes="5"/>
    <file name="getCandicateArray.js" path="/Users/yuny12345/Desktop/goodideas_practice_js17/Q17/Q17_modules/getCandicateArray.js">
      <metrics statements="14" coveredstatements="14" conditionals="0" coveredconditionals="0" methods="2" coveredmethods="2"/>
      <line num="17" count="32" type="stmt"/>
      <line num="18" count="32" type="stmt"/>
      <line num="19" count="128" type="stmt"/>
      <line num="20" count="128" type="stmt"/>
      <line num="21" count="512" type="stmt"/>
      <line num="24" count="32" type="stmt"/>
      <line num="27" count="1" type="stmt"/>
      <line num="28" count="32" type="stmt"/>
      <line num="29" count="32" type="stmt"/>
      <line num="30" count="32" type="stmt"/>
      <line num="31" count="128" type="stmt"/>
      <line num="32" count="128" type="stmt"/>
      <line num="33" count="512" type="stmt"/>
      <line num="36" count="32" type="stmt"/>
    </file>
    <file name="getEachScore.js" path="/Users/yuny12345/Desktop/goodideas_practice_js17/Q17/Q17_modules/getEachScore.js">
      <metrics statements="8" coveredstatements="8" conditionals="0" coveredconditionals="0" methods="2" coveredmethods="2"/>
      <line num="1" count="1" type="stmt"/>
      <line num="3" count="1" type="stmt"/>
      <line num="4" count="32" type="stmt"/>
      <line num="5" count="32" type="stmt"/>
      <line num="6" count="32" type="stmt"/>
      <line num="7" count="32" type="stmt"/>
      <line num="8" count="512" type="stmt"/>
      <line num="10" count="32" type="stmt"/>
    </file>
    <file name="getEachSum.js" path="/Users/yuny12345/Desktop/goodideas_practice_js17/Q17/Q17_modules/getEachSum.js">
      <metrics statements="7" coveredstatements="7" conditionals="0" coveredconditionals="0" methods="1" coveredmethods="1"/>
      <line num="1" count="1" type="stmt"/>
      <line num="3" count="1" type="stmt"/>
      <line num="4" count="32" type="stmt"/>
      <line num="5" count="32" type="stmt"/>
      <line num="6" count="32" type="stmt"/>
      <line num="7" count="128" type="stmt"/>
      <line num="9" count="32" type="stmt"/>
    </file>
    <file name="getPointResult.js" path="/Users/yuny12345/Desktop/goodideas_practice_js17/Q17/Q17_modules/getPointResult.js">
      <metrics statements="10" coveredstatements="10" conditionals="0" coveredconditionals="0" methods="1" coveredmethods="1"/>
      <line num="1" count="1" type="stmt"/>
      <line num="3" count="1" type="stmt"/>
      <line num="9" count="1" type="stmt"/>
      <line num="11" count="1" type="stmt"/>
      <line num="12" count="4" type="stmt"/>
      <line num="13" count="4" type="stmt"/>
      <line num="14" count="4" type="stmt"/>
      <line num="15" count="16" type="stmt"/>
      <line num="16" count="16" type="stmt"/>
      <line num="18" count="4" type="stmt"/>
    </file>
    <file name="resultMessage.js" path="/Users/yuny12345/Desktop/goodideas_practice_js17/Q17/Q17_modules/resultMessage.js">
      <metrics statements="8" coveredstatements="8" conditionals="0" coveredconditionals="0" methods="1" coveredmethods="1"/>
      <line num="1" count="1" type="stmt"/>
      <line num="17" count="1" type="stmt"/>
      <line num="18" count="4" type="stmt"/>
      <line num="19" count="4" type="stmt"/>
      <line num="20" count="4" type="stmt"/>
      <line num="21" count="4" type="stmt"/>
      <line num="22" count="16" type="stmt"/>
      <line num="24" count="4" type="stmt"/>
    </file>
  </project>
</coverage>
