{"/Users/yuny12345/Desktop/j1/Q1/Q1_module.js": {"path":"/Users/yuny12345/Desktop/j1/Q1/Q1_module.js","statementMap":{"0":{"start":{"line":5,"column":26},"end":{"line":5,"column":49}},"1":{"start":{"line":6,"column":4},"end":{"line":8,"column":5}},"2":{"start":{"line":7,"column":8},"end":{"line":7,"column":24}},"3":{"start":{"line":10,"column":21},"end":{"line":10,"column":37}},"4":{"start":{"line":11,"column":21},"end":{"line":11,"column":44}},"5":{"start":{"line":12,"column":4},"end":{"line":14,"column":5}},"6":{"start":{"line":13,"column":8},"end":{"line":13,"column":32}},"7":{"start":{"line":16,"column":4},"end":{"line":18,"column":5}},"8":{"start":{"line":17,"column":8},"end":{"line":17,"column":24}},"9":{"start":{"line":20,"column":4},"end":{"line":22,"column":5}},"10":{"start":{"line":21,"column":8},"end":{"line":21,"column":29}},"11":{"start":{"line":26,"column":4},"end":{"line":26,"column":26}},"12":{"start":{"line":32,"column":21},"end":{"line":32,"column":37}},"13":{"start":{"line":34,"column":4},"end":{"line":40,"column":5}},"14":{"start":{"line":35,"column":8},"end":{"line":35,"column":44}},"15":{"start":{"line":39,"column":8},"end":{"line":39,"column":33}},"16":{"start":{"line":43,"column":0},"end":{"line":43,"column":58}}},"fnMap":{"0":{"name":"confirmNatureNumber","decl":{"start":{"line":3,"column":9},"end":{"line":3,"column":28}},"loc":{"start":{"line":3,"column":38},"end":{"line":28,"column":1}},"line":3},"1":{"name":"movieAvailible","decl":{"start":{"line":31,"column":9},"end":{"line":31,"column":23}},"loc":{"start":{"line":31,"column":33},"end":{"line":41,"column":1}},"line":31}},"branchMap":{"0":{"loc":{"start":{"line":6,"column":4},"end":{"line":8,"column":5}},"type":"if","locations":[{"start":{"line":6,"column":4},"end":{"line":8,"column":5}},{"start":{"line":6,"column":4},"end":{"line":8,"column":5}}],"line":6},"1":{"loc":{"start":{"line":12,"column":4},"end":{"line":14,"column":5}},"type":"if","locations":[{"start":{"line":12,"column":4},"end":{"line":14,"column":5}},{"start":{"line":12,"column":4},"end":{"line":14,"column":5}}],"line":12},"2":{"loc":{"start":{"line":16,"column":4},"end":{"line":18,"column":5}},"type":"if","locations":[{"start":{"line":16,"column":4},"end":{"line":18,"column":5}},{"start":{"line":16,"column":4},"end":{"line":18,"column":5}}],"line":16},"3":{"loc":{"start":{"line":20,"column":4},"end":{"line":22,"column":5}},"type":"if","locations":[{"start":{"line":20,"column":4},"end":{"line":22,"column":5}},{"start":{"line":20,"column":4},"end":{"line":22,"column":5}}],"line":20},"4":{"loc":{"start":{"line":34,"column":4},"end":{"line":40,"column":5}},"type":"if","locations":[{"start":{"line":34,"column":4},"end":{"line":40,"column":5}},{"start":{"line":34,"column":4},"end":{"line":40,"column":5}}],"line":34}},"s":{"0":5,"1":5,"2":1,"3":4,"4":4,"5":4,"6":1,"7":3,"8":1,"9":2,"10":1,"11":1,"12":2,"13":2,"14":1,"15":1,"16":1},"f":{"0":5,"1":2},"b":{"0":[1,4],"1":[1,3],"2":[1,2],"3":[1,1],"4":[1,1]},"_coverageSchema":"1a1c01bbd47fc00a2c39e90264f33305004495a9","hash":"101eaa01d29a98f7bf900947469e08962eb254c4"}
}
