TN:
SF:Q3/Q3_modules/conculateTicketPrice.js
FN:3,conculateTicketPrice
FNF:1
FNH:1
FNDA:2,conculateTicketPrice
DA:1,1
DA:3,1
DA:4,2
DA:5,2
DA:6,1
DA:8,1
LF:6
LH:6
BRDA:5,0,0,1
BRDA:5,0,1,1
BRF:2
BRH:2
end_of_record
TN:
SF:Q3/Q3_modules/confirmDiscountQualification.js
FN:3,confirmDiscountQualification
FNF:1
FNH:1
FNDA:2,confirmDiscountQualification
DA:3,1
DA:4,2
DA:5,2
DA:6,1
DA:8,1
LF:5
LH:5
BRDA:5,0,0,1
BRDA:5,0,1,1
BRDA:5,1,0,2
BRDA:5,1,1,1
BRF:4
BRH:4
end_of_record
TN:
SF:Q3/Q3_modules/confirmNatureNumber.js
FN:2,confirmNatureNumber
FNF:1
FNH:1
FNDA:6,confirmNatureNumber
DA:2,1
DA:4,6
DA:5,6
DA:6,1
DA:9,5
DA:10,5
DA:11,5
DA:12,1
DA:15,4
DA:16,1
DA:19,3
DA:20,1
DA:23,2
LF:13
LH:13
BRDA:5,0,0,1
BRDA:5,0,1,5
BRDA:11,1,0,1
BRDA:11,1,1,4
BRDA:15,2,0,1
BRDA:15,2,1,3
BRDA:19,3,0,1
BRDA:19,3,1,2
BRF:8
BRH:8
end_of_record
TN:
SF:Q3/Q3_modules/informTicketPrice.js
FN:4,informTicketPrice
FNF:1
FNH:1
FNDA:6,informTicketPrice
DA:1,1
DA:2,1
DA:4,1
DA:5,6
DA:6,6
DA:7,4
DA:9,2
LF:7
LH:7
BRDA:6,0,0,4
BRDA:6,0,1,2
BRF:2
BRH:2
end_of_record
