TN:
SF:Q17/Q17_modules/getPointResult.js
FN:38,jyunYiFormatArray
FN:39,(anonymous_1)
FN:59,getEachSum
FN:63,(anonymous_3)
FN:63,(anonymous_4)
FN:65,(anonymous_5)
FN:73,getAllSumArray
FNF:7
FNH:7
FNDA:16,jyunYiFormatArray
FNDA:64,(anonymous_1)
FNDA:16,getEachSum
FNDA:64,(anonymous_3)
FNDA:224,(anonymous_4)
FNDA:56,(anonymous_5)
FNDA:4,getAllSumArray
DA:1,1
DA:39,64
DA:40,16
DA:41,64
DA:42,224
DA:45,16
DA:60,16
DA:62,16
DA:63,224
DA:65,16
DA:66,56
DA:67,56
DA:73,1
DA:74,4
DA:75,4
DA:76,16
DA:78,4
LF:17
LH:17
BRF:0
BRH:0
end_of_record
TN:
SF:Q17/Q17_modules/resultMessage.js
FN:17,getElectionResult
FNF:1
FNH:1
FNDA:4,getElectionResult
DA:1,1
DA:17,1
DA:19,4
DA:20,4
DA:21,4
DA:22,4
DA:23,16
DA:25,4
LF:8
LH:8
BRF:0
BRH:0
end_of_record
